[ 2017-04-17T10:31:33+08:00 ] ::1 /travel/m.php/user.html
ERR: 无法加载控制器:User

[ 2017-04-17T10:31:42+08:00 ] ::1 /travel/m.php/User/index.html
ERR: 无法加载控制器:User

[ 2017-04-17T10:31:46+08:00 ] ::1 /travel/m.php/User/index.html
ERR: 无法加载控制器:User

[ 2017-04-17T10:31:59+08:00 ] ::1 /travel/m.php?s=/User/index.html
ERR: 无法加载控制器:User

[ 2017-04-17T10:32:05+08:00 ] ::1 /travel/m.php/User/index.html
ERR: 无法加载控制器:User

[ 2017-04-17T10:33:01+08:00 ] ::1 /travel/M.php/User/index.html
ERR: 无法加载控制器:User

[ 2017-04-17T10:34:34+08:00 ] ::1 /travel/m.php?s=/M/User/index.html
ERR: 无法加载控制器:M

[ 2017-04-17T10:34:40+08:00 ] ::1 /travel/m.php?s=/User/index.html
ERR: 无法加载控制器:User

[ 2017-04-17T10:37:08+08:00 ] ::1 /travel/m.php/User/index.html
ERR: 无法加载控制器:User

[ 2017-04-17T10:43:25+08:00 ] ::1 /travel/m.php/User/index.html
ERR: 无法加载控制器:User

[ 2017-04-17T10:47:24+08:00 ] ::1 /travel/m.php/%7B:U(
ERR: 无法加载控制器:{:U(

