[ 2017-04-19T11:05:56+08:00 ] ::1 /travel/m.php/Order/assets/css/swiper.min.css
ERR: 非法操作:assets

[ 2017-04-19T11:05:56+08:00 ] ::1 /travel/m.php/Order/assets/js/swiper.min.js
ERR: 非法操作:assets

[ 2017-04-19T11:05:56+08:00 ] ::1 /travel/m.php/Order/js/base.js
ERR: 非法操作:js

[ 2017-04-19T11:05:56+08:00 ] ::1 /travel/m.php/Order/js/common.js
ERR: 非法操作:js

[ 2017-04-19T11:05:57+08:00 ] ::1 /travel/m.php/Order/css/reset.css
ERR: 非法操作:css

[ 2017-04-19T11:05:57+08:00 ] ::1 /travel/m.php/Order/css/common.css
ERR: 非法操作:css

[ 2017-04-19T11:05:57+08:00 ] ::1 /travel/m.php/Order/css/access.css
ERR: 非法操作:css

[ 2017-04-19T11:05:57+08:00 ] ::1 /travel/m.php/Order/css/order.css
ERR: 非法操作:css

[ 2017-04-19T11:05:57+08:00 ] ::1 /travel/m.php/Order/assets/js/jquery.min.js
ERR: 非法操作:assets

[ 2017-04-19T11:05:57+08:00 ] ::1 /travel/m.php/Order/assets/js/swiper.min.js
ERR: 非法操作:assets

[ 2017-04-19T11:05:57+08:00 ] ::1 /travel/m.php/Order/js/base.js
ERR: 非法操作:js

[ 2017-04-19T11:05:57+08:00 ] ::1 /travel/m.php/Order/js/common.js
ERR: 非法操作:js

[ 2017-04-19T11:09:58+08:00 ] ::1 /travel/m.php/Order/assets/js/jquery.min.js
ERR: 非法操作:assets

[ 2017-04-19T11:09:58+08:00 ] ::1 /travel/m.php/Order/js/base.js
ERR: 非法操作:js

[ 2017-04-19T11:09:58+08:00 ] ::1 /travel/m.php/Order/js/common.js
ERR: 非法操作:js

[ 2017-04-19T11:09:58+08:00 ] ::1 /travel/m.php/Order/assets/js/swiper.min.js
ERR: 非法操作:assets

[ 2017-04-19T11:09:58+08:00 ] ::1 /travel/m.php/Order/js/base.js
ERR: 非法操作:js

[ 2017-04-19T11:09:58+08:00 ] ::1 /travel/m.php/Order/js/common.js
ERR: 非法操作:js

[ 2017-04-19T11:10:33+08:00 ] ::1 /travel/m.php/Order/_PUBLIC__/M/js/base.js
ERR: 非法操作:_public__

[ 2017-04-19T11:10:33+08:00 ] ::1 /travel/m.php/Order/_PUBLIC__/M/assets/js/jquery.min.js
ERR: 非法操作:_public__

[ 2017-04-19T11:10:33+08:00 ] ::1 /travel/m.php/Order/_PUBLIC__/M/js/common.js
ERR: 非法操作:_public__

[ 2017-04-19T11:10:33+08:00 ] ::1 /travel/m.php/Order/_PUBLIC__/M/assets/js/swiper.min.js
ERR: 非法操作:_public__

[ 2017-04-19T11:10:33+08:00 ] ::1 /travel/m.php/Order/_PUBLIC__/M/js/base.js
ERR: 非法操作:_public__

[ 2017-04-19T11:10:33+08:00 ] ::1 /travel/m.php/Order/_PUBLIC__/M/js/common.js
ERR: 非法操作:_public__

[ 2017-04-19T11:10:33+08:00 ] ::1 /travel/m.php/Order/_PUBLIC__/M/assets/js/jquery.min.js
ERR: 非法操作:_public__

[ 2017-04-19T11:10:33+08:00 ] ::1 /travel/m.php/Order/_PUBLIC__/M/js/base.js
ERR: 非法操作:_public__

[ 2017-04-19T11:10:33+08:00 ] ::1 /travel/m.php/Order/_PUBLIC__/M/assets/js/swiper.min.js
ERR: 非法操作:_public__

[ 2017-04-19T11:10:33+08:00 ] ::1 /travel/m.php/Order/_PUBLIC__/M/js/common.js
ERR: 非法操作:_public__

[ 2017-04-19T11:10:33+08:00 ] ::1 /travel/m.php/Order/_PUBLIC__/M/js/base.js
ERR: 非法操作:_public__

[ 2017-04-19T11:10:33+08:00 ] ::1 /travel/m.php/Order/_PUBLIC__/M/js/common.js
ERR: 非法操作:_public__

[ 2017-04-19T11:10:35+08:00 ] ::1 /travel/m.php/Order/_PUBLIC__/M/assets/js/jquery.min.js
ERR: 非法操作:_public__

[ 2017-04-19T11:10:35+08:00 ] ::1 /travel/m.php/Order/_PUBLIC__/M/js/common.js
ERR: 非法操作:_public__

[ 2017-04-19T11:10:35+08:00 ] ::1 /travel/m.php/Order/_PUBLIC__/M/assets/js/swiper.min.js
ERR: 非法操作:_public__

[ 2017-04-19T11:10:35+08:00 ] ::1 /travel/m.php/Order/_PUBLIC__/M/js/base.js
ERR: 非法操作:_public__

[ 2017-04-19T11:10:35+08:00 ] ::1 /travel/m.php/Order/_PUBLIC__/M/js/common.js
ERR: 非法操作:_public__

[ 2017-04-19T12:20:37+08:00 ] ::1 /travel/m.php/order/user.html
ERR: 非法操作:user

[ 2017-04-19T12:21:15+08:00 ] ::1 /travel/m.php/order/user.html
ERR: 非法操作:user

