[ 2017-05-12T10:04:25+08:00 ] ::1 /travel/admin.php
INFO: [ app_init ] --START--
INFO: Run Behavior\BuildLiteBehavior [ RunTime:0.000000s ]
INFO: [ app_init ] --END-- [ RunTime:0.000000s ]
INFO: [ app_begin ] --START--
INFO: Run Behavior\ReadHtmlCacheBehavior [ RunTime:0.000000s ]
INFO: [ app_begin ] --END-- [ RunTime:0.000000s ]
NOTIC: [8192] mysql_connect(): The mysql extension is deprecated and will be removed in the future: use mysqli or PDO instead D:\Program Files\php study\WWW\travel\ThinkPHP\Library\Think\Session\Driver\Db.class.php 第 95 行.

[ 2017-05-12T10:04:25+08:00 ] ::1 /travel/admin.php?s=/login/index.html
INFO: [ app_init ] --START--
INFO: Run Behavior\BuildLiteBehavior [ RunTime:0.000000s ]
INFO: [ app_init ] --END-- [ RunTime:0.000000s ]
INFO: [ app_begin ] --START--
INFO: Run Behavior\ReadHtmlCacheBehavior [ RunTime:0.000000s ]
INFO: [ app_begin ] --END-- [ RunTime:0.000000s ]
NOTIC: [8192] mysql_connect(): The mysql extension is deprecated and will be removed in the future: use mysqli or PDO instead D:\Program Files\php study\WWW\travel\ThinkPHP\Library\Think\Session\Driver\Db.class.php 第 95 行.
INFO: [ view_parse ] --START--
INFO: [ template_filter ] --START--
INFO: Run Behavior\ContentReplaceBehavior [ RunTime:0.000000s ]
INFO: [ template_filter ] --END-- [ RunTime:0.000000s ]
INFO: Run Behavior\ParseTemplateBehavior [ RunTime:0.064004s ]
INFO: [ view_parse ] --END-- [ RunTime:0.064004s ]
INFO: [ view_filter ] --START--
INFO: Run Behavior\WriteHtmlCacheBehavior [ RunTime:0.000000s ]
INFO: [ view_filter ] --END-- [ RunTime:0.000000s ]
INFO: [ app_end ] --START--
INFO: Run Behavior\ShowPageTraceBehavior [ RunTime:0.000000s ]
INFO: [ app_end ] --END-- [ RunTime:0.000000s ]

[ 2017-05-12T10:04:25+08:00 ] ::1 /travel/admin.php?s=/Login/verify/t/1494554665.html
INFO: [ app_init ] --START--
INFO: Run Behavior\BuildLiteBehavior [ RunTime:0.000000s ]
INFO: [ app_init ] --END-- [ RunTime:0.000000s ]
INFO: [ app_begin ] --START--
INFO: Run Behavior\ReadHtmlCacheBehavior [ RunTime:0.001000s ]
INFO: [ app_begin ] --END-- [ RunTime:0.001000s ]
NOTIC: [8192] mysql_connect(): The mysql extension is deprecated and will be removed in the future: use mysqli or PDO instead D:\Program Files\php study\WWW\travel\ThinkPHP\Library\Think\Session\Driver\Db.class.php 第 95 行.
INFO: [ app_end ] --START--
INFO: Run Behavior\ShowPageTraceBehavior [ RunTime:0.000000s ]
INFO: [ app_end ] --END-- [ RunTime:0.001000s ]

[ 2017-05-12T10:04:31+08:00 ] ::1 /travel/admin.php?s=/Login/index.html
INFO: [ app_init ] --START--
INFO: Run Behavior\BuildLiteBehavior [ RunTime:0.000000s ]
INFO: [ app_init ] --END-- [ RunTime:0.000000s ]
INFO: [ app_begin ] --START--
INFO: Run Behavior\ReadHtmlCacheBehavior [ RunTime:0.000000s ]
INFO: [ app_begin ] --END-- [ RunTime:0.000000s ]
NOTIC: [8192] mysql_connect(): The mysql extension is deprecated and will be removed in the future: use mysqli or PDO instead D:\Program Files\php study\WWW\travel\ThinkPHP\Library\Think\Session\Driver\Db.class.php 第 95 行.
SQL: SHOW COLUMNS FROM `travel_user` [ RunTime:0.0010s ]
SQL: SELECT * FROM `travel_user` WHERE `username` = 'admin' LIMIT 1   [ RunTime:0.0000s ]
SQL: UPDATE `travel_user` SET `last_login_time`='1494554671',`last_login_ip`='0.0.0.0' WHERE ( id=1 ) [ RunTime:0.0010s ]
SQL: SHOW COLUMNS FROM `travel_user_login_log` [ RunTime:0.0000s ]
SQL: INSERT INTO `travel_user_login_log` (`user_id`,`time`,`ip`) VALUES ('1','1494554671','0.0.0.0') [ RunTime:0.0000s ]
SQL: SELECT * FROM `travel_user` WHERE `id` = 1 LIMIT 1   [ RunTime:0.0000s ]

[ 2017-05-12T10:04:31+08:00 ] ::1 /travel/admin.php?s=/index/index.html
INFO: [ app_init ] --START--
INFO: Run Behavior\BuildLiteBehavior [ RunTime:0.000000s ]
INFO: [ app_init ] --END-- [ RunTime:0.000000s ]
INFO: [ app_begin ] --START--
INFO: Run Behavior\ReadHtmlCacheBehavior [ RunTime:0.000000s ]
INFO: [ app_begin ] --END-- [ RunTime:0.000000s ]
NOTIC: [8192] mysql_connect(): The mysql extension is deprecated and will be removed in the future: use mysqli or PDO instead D:\Program Files\php study\WWW\travel\ThinkPHP\Library\Think\Session\Driver\Db.class.php 第 95 行.
SQL: SHOW COLUMNS FROM `travel_user` [ RunTime:0.0000s ]
SQL: SELECT * FROM `travel_user` WHERE `id` = 1 LIMIT 1   [ RunTime:0.0010s ]
INFO: [ view_parse ] --START--
INFO: [ template_filter ] --START--
INFO: Run Behavior\ContentReplaceBehavior [ RunTime:0.000000s ]
INFO: [ template_filter ] --END-- [ RunTime:0.000000s ]
INFO: Run Behavior\ParseTemplateBehavior [ RunTime:0.080005s ]
INFO: [ view_parse ] --END-- [ RunTime:0.080005s ]
INFO: [ view_filter ] --START--
INFO: Run Behavior\WriteHtmlCacheBehavior [ RunTime:0.000000s ]
INFO: [ view_filter ] --END-- [ RunTime:0.001000s ]
INFO: [ app_end ] --START--
INFO: Run Behavior\ShowPageTraceBehavior [ RunTime:0.000000s ]
INFO: [ app_end ] --END-- [ RunTime:0.000000s ]

[ 2017-05-12T10:04:31+08:00 ] ::1 /travel/admin.php?s=/Index/welcome.html
INFO: [ app_init ] --START--
INFO: Run Behavior\BuildLiteBehavior [ RunTime:0.000000s ]
INFO: [ app_init ] --END-- [ RunTime:0.000000s ]
INFO: [ app_begin ] --START--
INFO: Run Behavior\ReadHtmlCacheBehavior [ RunTime:0.001001s ]
INFO: [ app_begin ] --END-- [ RunTime:0.001001s ]
NOTIC: [8192] mysql_connect(): The mysql extension is deprecated and will be removed in the future: use mysqli or PDO instead D:\Program Files\php study\WWW\travel\ThinkPHP\Library\Think\Session\Driver\Db.class.php 第 95 行.
SQL: SHOW COLUMNS FROM `travel_user` [ RunTime:0.0010s ]
SQL: SELECT * FROM `travel_user` WHERE `id` = 1 LIMIT 1   [ RunTime:0.0000s ]
SQL: SHOW COLUMNS FROM `travel_member_login_log` [ RunTime:0.0030s ]
SQL: SELECT COUNT(*) AS tp_count FROM `travel_member_login_log` WHERE ( member_id=1 ) LIMIT 1   [ RunTime:0.0020s ]
SQL: SELECT * FROM `travel_member_login_log` WHERE ( member_id=1 ) ORDER BY id desc LIMIT 1   [ RunTime:0.0000s ]
INFO: [ view_parse ] --START--
INFO: [ template_filter ] --START--
INFO: Run Behavior\ContentReplaceBehavior [ RunTime:0.000000s ]
INFO: [ template_filter ] --END-- [ RunTime:0.000000s ]
INFO: Run Behavior\ParseTemplateBehavior [ RunTime:0.025002s ]
INFO: [ view_parse ] --END-- [ RunTime:0.025002s ]
INFO: [ view_filter ] --START--
INFO: Run Behavior\WriteHtmlCacheBehavior [ RunTime:0.001000s ]
INFO: [ view_filter ] --END-- [ RunTime:0.001000s ]
INFO: [ app_end ] --START--
INFO: Run Behavior\ShowPageTraceBehavior [ RunTime:0.000000s ]
INFO: [ app_end ] --END-- [ RunTime:0.000000s ]

[ 2017-05-12T10:04:34+08:00 ] ::1 /travel/admin.php?s=/travel/travel_list.html
INFO: [ app_init ] --START--
INFO: Run Behavior\BuildLiteBehavior [ RunTime:0.000000s ]
INFO: [ app_init ] --END-- [ RunTime:0.000000s ]
INFO: [ app_begin ] --START--
INFO: Run Behavior\ReadHtmlCacheBehavior [ RunTime:0.001000s ]
INFO: [ app_begin ] --END-- [ RunTime:0.001000s ]
NOTIC: [8192] mysql_connect(): The mysql extension is deprecated and will be removed in the future: use mysqli or PDO instead D:\Program Files\php study\WWW\travel\ThinkPHP\Library\Think\Session\Driver\Db.class.php 第 95 行.
SQL: SHOW COLUMNS FROM `travel_user` [ RunTime:0.0000s ]
SQL: SELECT * FROM `travel_user` WHERE `id` = 1 LIMIT 1   [ RunTime:0.0000s ]
SQL: SHOW COLUMNS FROM `travel_travel` [ RunTime:0.0000s ]
SQL: SELECT * FROM `travel_travel`  [ RunTime:0.0000s ]
SQL: SHOW COLUMNS FROM `travel_category` [ RunTime:0.0000s ]
SQL: SELECT `category` FROM `travel_category` WHERE `category_code` = 'C001' LIMIT 1   [ RunTime:0.0000s ]
SQL: SELECT `category` FROM `travel_category` WHERE `category_code` = 'C001' LIMIT 1   [ RunTime:0.0010s ]
SQL: SELECT `category` FROM `travel_category` WHERE `category_code` = 'C001' LIMIT 1   [ RunTime:0.0000s ]
SQL: SELECT `category` FROM `travel_category` WHERE `category_code` = 'C002' LIMIT 1   [ RunTime:0.0000s ]
SQL: SELECT `category` FROM `travel_category` WHERE `category_code` = 'C002' LIMIT 1   [ RunTime:0.0000s ]
SQL: SELECT `category` FROM `travel_category` WHERE `category_code` = 'C003' LIMIT 1   [ RunTime:0.0000s ]
SQL: SELECT `category` FROM `travel_category` WHERE `category_code` = 'C003' LIMIT 1   [ RunTime:0.0000s ]
SQL: SELECT `category` FROM `travel_category` WHERE `category_code` = 'C003' LIMIT 1   [ RunTime:0.0000s ]
INFO: [ view_parse ] --START--
INFO: [ template_filter ] --START--
INFO: Run Behavior\ContentReplaceBehavior [ RunTime:0.000000s ]
INFO: [ template_filter ] --END-- [ RunTime:0.000000s ]
INFO: Run Behavior\ParseTemplateBehavior [ RunTime:0.012001s ]
INFO: [ view_parse ] --END-- [ RunTime:0.012001s ]
INFO: [ view_filter ] --START--
INFO: Run Behavior\WriteHtmlCacheBehavior [ RunTime:0.001000s ]
INFO: [ view_filter ] --END-- [ RunTime:0.001000s ]
INFO: [ app_end ] --START--
INFO: Run Behavior\ShowPageTraceBehavior [ RunTime:0.000000s ]
INFO: [ app_end ] --END-- [ RunTime:0.000000s ]

[ 2017-05-12T10:04:37+08:00 ] ::1 /travel/admin.php?s=/travel/travel_category.html
INFO: [ app_init ] --START--
INFO: Run Behavior\BuildLiteBehavior [ RunTime:0.000000s ]
INFO: [ app_init ] --END-- [ RunTime:0.000000s ]
INFO: [ app_begin ] --START--
INFO: Run Behavior\ReadHtmlCacheBehavior [ RunTime:0.001000s ]
INFO: [ app_begin ] --END-- [ RunTime:0.001000s ]
NOTIC: [8192] mysql_connect(): The mysql extension is deprecated and will be removed in the future: use mysqli or PDO instead D:\Program Files\php study\WWW\travel\ThinkPHP\Library\Think\Session\Driver\Db.class.php 第 95 行.
SQL: SHOW COLUMNS FROM `travel_user` [ RunTime:0.0000s ]
SQL: SELECT * FROM `travel_user` WHERE `id` = 1 LIMIT 1   [ RunTime:0.0010s ]
SQL: SHOW COLUMNS FROM `travel_category` [ RunTime:0.0000s ]
SQL: SELECT * FROM `travel_category`  [ RunTime:0.0000s ]
INFO: [ view_parse ] --START--
INFO: [ template_filter ] --START--
INFO: Run Behavior\ContentReplaceBehavior [ RunTime:0.000000s ]
INFO: [ template_filter ] --END-- [ RunTime:0.000000s ]
INFO: Run Behavior\ParseTemplateBehavior [ RunTime:0.019001s ]
INFO: [ view_parse ] --END-- [ RunTime:0.019001s ]
INFO: [ view_filter ] --START--
INFO: Run Behavior\WriteHtmlCacheBehavior [ RunTime:0.001000s ]
INFO: [ view_filter ] --END-- [ RunTime:0.001000s ]
INFO: [ app_end ] --START--
INFO: Run Behavior\ShowPageTraceBehavior [ RunTime:0.000000s ]
INFO: [ app_end ] --END-- [ RunTime:0.000000s ]

[ 2017-05-12T10:04:42+08:00 ] ::1 /travel/admin.php?s=/travel/travel_list.html
INFO: [ app_init ] --START--
INFO: Run Behavior\BuildLiteBehavior [ RunTime:0.000000s ]
INFO: [ app_init ] --END-- [ RunTime:0.000000s ]
INFO: [ app_begin ] --START--
INFO: Run Behavior\ReadHtmlCacheBehavior [ RunTime:0.000000s ]
INFO: [ app_begin ] --END-- [ RunTime:0.000000s ]
NOTIC: [8192] mysql_connect(): The mysql extension is deprecated and will be removed in the future: use mysqli or PDO instead D:\Program Files\php study\WWW\travel\ThinkPHP\Library\Think\Session\Driver\Db.class.php 第 95 行.
SQL: SHOW COLUMNS FROM `travel_user` [ RunTime:0.0010s ]
SQL: SELECT * FROM `travel_user` WHERE `id` = 1 LIMIT 1   [ RunTime:0.0000s ]
SQL: SHOW COLUMNS FROM `travel_travel` [ RunTime:0.0010s ]
SQL: SELECT * FROM `travel_travel`  [ RunTime:0.0000s ]
SQL: SHOW COLUMNS FROM `travel_category` [ RunTime:0.0010s ]
SQL: SELECT `category` FROM `travel_category` WHERE `category_code` = 'C001' LIMIT 1   [ RunTime:0.0000s ]
SQL: SELECT `category` FROM `travel_category` WHERE `category_code` = 'C001' LIMIT 1   [ RunTime:0.0010s ]
SQL: SELECT `category` FROM `travel_category` WHERE `category_code` = 'C001' LIMIT 1   [ RunTime:0.0000s ]
SQL: SELECT `category` FROM `travel_category` WHERE `category_code` = 'C002' LIMIT 1   [ RunTime:0.0000s ]
SQL: SELECT `category` FROM `travel_category` WHERE `category_code` = 'C002' LIMIT 1   [ RunTime:0.0000s ]
SQL: SELECT `category` FROM `travel_category` WHERE `category_code` = 'C003' LIMIT 1   [ RunTime:0.0000s ]
SQL: SELECT `category` FROM `travel_category` WHERE `category_code` = 'C003' LIMIT 1   [ RunTime:0.0000s ]
SQL: SELECT `category` FROM `travel_category` WHERE `category_code` = 'C003' LIMIT 1   [ RunTime:0.0000s ]
INFO: [ view_parse ] --START--
INFO: [ template_filter ] --START--
INFO: Run Behavior\ContentReplaceBehavior [ RunTime:0.000000s ]
INFO: [ template_filter ] --END-- [ RunTime:0.000000s ]
INFO: Run Behavior\ParseTemplateBehavior [ RunTime:0.007001s ]
INFO: [ view_parse ] --END-- [ RunTime:0.007001s ]
INFO: [ view_filter ] --START--
INFO: Run Behavior\WriteHtmlCacheBehavior [ RunTime:0.001000s ]
INFO: [ view_filter ] --END-- [ RunTime:0.001000s ]
INFO: [ app_end ] --START--
INFO: Run Behavior\ShowPageTraceBehavior [ RunTime:0.000000s ]
INFO: [ app_end ] --END-- [ RunTime:0.000000s ]

[ 2017-05-12T10:04:51+08:00 ] ::1 /travel/admin.php?s=/travel/travel_category.html
INFO: [ app_init ] --START--
INFO: Run Behavior\BuildLiteBehavior [ RunTime:0.000000s ]
INFO: [ app_init ] --END-- [ RunTime:0.000000s ]
INFO: [ app_begin ] --START--
INFO: Run Behavior\ReadHtmlCacheBehavior [ RunTime:0.000000s ]
INFO: [ app_begin ] --END-- [ RunTime:0.000000s ]
NOTIC: [8192] mysql_connect(): The mysql extension is deprecated and will be removed in the future: use mysqli or PDO instead D:\Program Files\php study\WWW\travel\ThinkPHP\Library\Think\Session\Driver\Db.class.php 第 95 行.
SQL: SHOW COLUMNS FROM `travel_user` [ RunTime:0.0010s ]
SQL: SELECT * FROM `travel_user` WHERE `id` = 1 LIMIT 1   [ RunTime:0.0000s ]
SQL: SHOW COLUMNS FROM `travel_category` [ RunTime:0.0000s ]
SQL: SELECT * FROM `travel_category`  [ RunTime:0.0000s ]
INFO: [ view_parse ] --START--
INFO: [ template_filter ] --START--
INFO: Run Behavior\ContentReplaceBehavior [ RunTime:0.000000s ]
INFO: [ template_filter ] --END-- [ RunTime:0.000000s ]
INFO: Run Behavior\ParseTemplateBehavior [ RunTime:0.006000s ]
INFO: [ view_parse ] --END-- [ RunTime:0.006000s ]
INFO: [ view_filter ] --START--
INFO: Run Behavior\WriteHtmlCacheBehavior [ RunTime:0.000000s ]
INFO: [ view_filter ] --END-- [ RunTime:0.000000s ]
INFO: [ app_end ] --START--
INFO: Run Behavior\ShowPageTraceBehavior [ RunTime:0.001000s ]
INFO: [ app_end ] --END-- [ RunTime:0.001000s ]

[ 2017-05-12T10:05:05+08:00 ] ::1 /travel/admin.php?s=/travel/travel_list.html
INFO: [ app_init ] --START--
INFO: Run Behavior\BuildLiteBehavior [ RunTime:0.000000s ]
INFO: [ app_init ] --END-- [ RunTime:0.000000s ]
INFO: [ app_begin ] --START--
INFO: Run Behavior\ReadHtmlCacheBehavior [ RunTime:0.001000s ]
INFO: [ app_begin ] --END-- [ RunTime:0.001000s ]
NOTIC: [8192] mysql_connect(): The mysql extension is deprecated and will be removed in the future: use mysqli or PDO instead D:\Program Files\php study\WWW\travel\ThinkPHP\Library\Think\Session\Driver\Db.class.php 第 95 行.
SQL: SHOW COLUMNS FROM `travel_user` [ RunTime:0.0000s ]
SQL: SELECT * FROM `travel_user` WHERE `id` = 1 LIMIT 1   [ RunTime:0.0010s ]
SQL: SHOW COLUMNS FROM `travel_travel` [ RunTime:0.0000s ]
SQL: SELECT * FROM `travel_travel`  [ RunTime:0.0000s ]
SQL: SHOW COLUMNS FROM `travel_category` [ RunTime:0.0000s ]
SQL: SELECT `category` FROM `travel_category` WHERE `category_code` = 'C001' LIMIT 1   [ RunTime:0.0010s ]
SQL: SELECT `category` FROM `travel_category` WHERE `category_code` = 'C001' LIMIT 1   [ RunTime:0.0000s ]
SQL: SELECT `category` FROM `travel_category` WHERE `category_code` = 'C001' LIMIT 1   [ RunTime:0.0010s ]
SQL: SELECT `category` FROM `travel_category` WHERE `category_code` = 'C002' LIMIT 1   [ RunTime:0.0000s ]
SQL: SELECT `category` FROM `travel_category` WHERE `category_code` = 'C002' LIMIT 1   [ RunTime:0.0000s ]
SQL: SELECT `category` FROM `travel_category` WHERE `category_code` = 'C003' LIMIT 1   [ RunTime:0.0010s ]
SQL: SELECT `category` FROM `travel_category` WHERE `category_code` = 'C003' LIMIT 1   [ RunTime:0.0000s ]
SQL: SELECT `category` FROM `travel_category` WHERE `category_code` = 'C003' LIMIT 1   [ RunTime:0.0000s ]
INFO: [ view_parse ] --START--
INFO: [ template_filter ] --START--
INFO: Run Behavior\ContentReplaceBehavior [ RunTime:0.000000s ]
INFO: [ template_filter ] --END-- [ RunTime:0.000000s ]
INFO: Run Behavior\ParseTemplateBehavior [ RunTime:0.008000s ]
INFO: [ view_parse ] --END-- [ RunTime:0.008000s ]
INFO: [ view_filter ] --START--
INFO: Run Behavior\WriteHtmlCacheBehavior [ RunTime:0.000000s ]
INFO: [ view_filter ] --END-- [ RunTime:0.000000s ]
INFO: [ app_end ] --START--
INFO: Run Behavior\ShowPageTraceBehavior [ RunTime:0.001000s ]
INFO: [ app_end ] --END-- [ RunTime:0.001000s ]

